2020-04-04 20:46:10 ERROR [index.js]: uncaughtException: connect ECONNREFUSED 127.0.0.1:27017
MongooseServerSelectionError: connect ECONNREFUSED 127.0.0.1:27017
    at new MongooseServerSelectionError (C:\ReactPrjs\CursoNode\vidly\node_modules\mongoose\lib\error\serverSelection.js:22:11)
    at NativeConnection.Connection.openUri (C:\ReactPrjs\CursoNode\vidly\node_modules\mongoose\lib\connection.js:823:32)
    at Mongoose.connect (C:\ReactPrjs\CursoNode\vidly\node_modules\mongoose\lib\index.js:333:15)
    at module.exports (C:\ReactPrjs\CursoNode\vidly\startup\db.js:10:14)
    at Object.<anonymous> (C:\ReactPrjs\CursoNode\vidly\index.js:11:24)
    at Module._compile (internal/modules/cjs/loader.js:1158:30)
    at Object.Module._extensions..js (internal/modules/cjs/loader.js:1178:10)
    at Module.load (internal/modules/cjs/loader.js:1002:32)
    at Function.Module._load (internal/modules/cjs/loader.js:901:14)
    at Function.executeUserEntryPoint [as runMain] (internal/modules/run_main.js:74:12)
    at internal/main/run_main_module.js:18:47
2020-04-04 17:24:02 ERROR [index.js]: uncaughtException: connect ECONNREFUSED 127.0.0.1:27017
MongooseServerSelectionError: connect ECONNREFUSED 127.0.0.1:27017
    at new MongooseServerSelectionError (C:\ReactPrjs\CursoNode\vidly\node_modules\mongoose\lib\error\serverSelection.js:22:11)
    at NativeConnection.Connection.openUri (C:\ReactPrjs\CursoNode\vidly\node_modules\mongoose\lib\connection.js:823:32)
    at Mongoose.connect (C:\ReactPrjs\CursoNode\vidly\node_modules\mongoose\lib\index.js:333:15)
    at module.exports (C:\ReactPrjs\CursoNode\vidly\startup\db.js:11:14)
    at Object.<anonymous> (C:\ReactPrjs\CursoNode\vidly\index.js:10:24)
    at Module._compile (internal/modules/cjs/loader.js:1158:30)
    at Object.Module._extensions..js (internal/modules/cjs/loader.js:1178:10)
    at Module.load (internal/modules/cjs/loader.js:1002:32)
    at Function.Module._load (internal/modules/cjs/loader.js:901:14)
    at Function.executeUserEntryPoint [as runMain] (internal/modules/run_main.js:74:12)
    at internal/main/run_main_module.js:18:47
2020-05-05 13:42:36 ERROR [index.js]: uncaughtException: Cannot find module './env'
Require stack:
- C:\ReactPrjs\CursoNode\vidly\startup\db.js
- C:\ReactPrjs\CursoNode\vidly\index.js
Error: Cannot find module './env'
Require stack:
- C:\ReactPrjs\CursoNode\vidly\startup\db.js
- C:\ReactPrjs\CursoNode\vidly\index.js
    at Function.Module._resolveFilename (internal/modules/cjs/loader.js:982:15)
    at Function.Module._load (internal/modules/cjs/loader.js:864:27)
    at Module.require (internal/modules/cjs/loader.js:1044:19)
    at require (internal/modules/cjs/helpers.js:77:18)
    at Object.<anonymous> (C:\ReactPrjs\CursoNode\vidly\startup\db.js:3:21)
    at Module._compile (internal/modules/cjs/loader.js:1158:30)
    at Object.Module._extensions..js (internal/modules/cjs/loader.js:1178:10)
    at Module.load (internal/modules/cjs/loader.js:1002:32)
    at Function.Module._load (internal/modules/cjs/loader.js:901:14)
    at Module.require (internal/modules/cjs/loader.js:1044:19)
    at require (internal/modules/cjs/helpers.js:77:18)
    at Object.<anonymous> (C:\ReactPrjs\CursoNode\vidly\index.js:8:1)
    at Module._compile (internal/modules/cjs/loader.js:1158:30)
    at Object.Module._extensions..js (internal/modules/cjs/loader.js:1178:10)
    at Module.load (internal/modules/cjs/loader.js:1002:32)
    at Function.Module._load (internal/modules/cjs/loader.js:901:14)
    at Function.executeUserEntryPoint [as runMain] (internal/modules/run_main.js:74:12)
    at internal/main/run_main_module.js:18:47
2020-05-05 13:43:21 ERROR [index.js]: uncaughtException: Cannot find module './env'
Require stack:
- C:\ReactPrjs\CursoNode\vidly\startup\db.js
- C:\ReactPrjs\CursoNode\vidly\index.js
Error: Cannot find module './env'
Require stack:
- C:\ReactPrjs\CursoNode\vidly\startup\db.js
- C:\ReactPrjs\CursoNode\vidly\index.js
    at Function.Module._resolveFilename (internal/modules/cjs/loader.js:982:15)
    at Function.Module._load (internal/modules/cjs/loader.js:864:27)
    at Module.require (internal/modules/cjs/loader.js:1044:19)
    at require (internal/modules/cjs/helpers.js:77:18)
    at Object.<anonymous> (C:\ReactPrjs\CursoNode\vidly\startup\db.js:3:21)
    at Module._compile (internal/modules/cjs/loader.js:1158:30)
    at Object.Module._extensions..js (internal/modules/cjs/loader.js:1178:10)
    at Module.load (internal/modules/cjs/loader.js:1002:32)
    at Function.Module._load (internal/modules/cjs/loader.js:901:14)
    at Module.require (internal/modules/cjs/loader.js:1044:19)
    at require (internal/modules/cjs/helpers.js:77:18)
    at Object.<anonymous> (C:\ReactPrjs\CursoNode\vidly\index.js:8:1)
    at Module._compile (internal/modules/cjs/loader.js:1158:30)
    at Object.Module._extensions..js (internal/modules/cjs/loader.js:1178:10)
    at Module.load (internal/modules/cjs/loader.js:1002:32)
    at Function.Module._load (internal/modules/cjs/loader.js:901:14)
    at Function.executeUserEntryPoint [as runMain] (internal/modules/run_main.js:74:12)
    at internal/main/run_main_module.js:18:47
2020-05-05 13:44:29 ERROR [index.js]: uncaughtException: Cannot find module './env'
Require stack:
- C:\ReactPrjs\CursoNode\vidly\startup\db.js
- C:\ReactPrjs\CursoNode\vidly\index.js
Error: Cannot find module './env'
Require stack:
- C:\ReactPrjs\CursoNode\vidly\startup\db.js
- C:\ReactPrjs\CursoNode\vidly\index.js
    at Function.Module._resolveFilename (internal/modules/cjs/loader.js:982:15)
    at Function.Module._load (internal/modules/cjs/loader.js:864:27)
    at Module.require (internal/modules/cjs/loader.js:1044:19)
    at require (internal/modules/cjs/helpers.js:77:18)
    at Object.<anonymous> (C:\ReactPrjs\CursoNode\vidly\startup\db.js:3:21)
    at Module._compile (internal/modules/cjs/loader.js:1158:30)
    at Object.Module._extensions..js (internal/modules/cjs/loader.js:1178:10)
    at Module.load (internal/modules/cjs/loader.js:1002:32)
    at Function.Module._load (internal/modules/cjs/loader.js:901:14)
    at Module.require (internal/modules/cjs/loader.js:1044:19)
    at require (internal/modules/cjs/helpers.js:77:18)
    at Object.<anonymous> (C:\ReactPrjs\CursoNode\vidly\index.js:8:1)
    at Module._compile (internal/modules/cjs/loader.js:1158:30)
    at Object.Module._extensions..js (internal/modules/cjs/loader.js:1178:10)
    at Module.load (internal/modules/cjs/loader.js:1002:32)
    at Function.Module._load (internal/modules/cjs/loader.js:901:14)
    at Function.executeUserEntryPoint [as runMain] (internal/modules/run_main.js:74:12)
    at internal/main/run_main_module.js:18:47
2020-05-05 13:45:29 ERROR [index.js]: uncaughtException: FATAL ERROR: jwtPrivateKey is not defined
Error: FATAL ERROR: jwtPrivateKey is not defined
    at module.exports (C:\ReactPrjs\CursoNode\vidly\startup\config.js:7:15)
    at Object.<anonymous> (C:\ReactPrjs\CursoNode\vidly\index.js:9:28)
    at Module._compile (internal/modules/cjs/loader.js:1158:30)
    at Object.Module._extensions..js (internal/modules/cjs/loader.js:1178:10)
    at Module.load (internal/modules/cjs/loader.js:1002:32)
    at Function.Module._load (internal/modules/cjs/loader.js:901:14)
    at Function.executeUserEntryPoint [as runMain] (internal/modules/run_main.js:74:12)
    at internal/main/run_main_module.js:18:47
2020-05-05 14:30:54 ERROR [index.js]: uncaughtException: listen EACCES: permission denied PORT
Error: listen EACCES: permission denied PORT
    at Server.setupListenHandle [as _listen2] (net.js:1292:21)
    at listenInCluster (net.js:1357:12)
    at Server.listen (net.js:1456:5)
    at Function.listen (C:\ReactPrjs\CursoNode\vidly\node_modules\express\lib\application.js:618:24)
    at Object.<anonymous> (C:\ReactPrjs\CursoNode\vidly\index.js:14:20)
    at Module._compile (internal/modules/cjs/loader.js:1158:30)
    at Object.Module._extensions..js (internal/modules/cjs/loader.js:1178:10)
    at Module.load (internal/modules/cjs/loader.js:1002:32)
    at Function.Module._load (internal/modules/cjs/loader.js:901:14)
    at Function.executeUserEntryPoint [as runMain] (internal/modules/run_main.js:74:12)
    at internal/main/run_main_module.js:18:47
2020-05-05 14:30:54 ERROR [index.js]: uncaughtException: Invalid connection string
MongoParseError: Invalid connection string
    at parseConnectionString (C:\ReactPrjs\CursoNode\vidly\node_modules\mongodb\lib\core\uri_parser.js:547:21)
    at connect (C:\ReactPrjs\CursoNode\vidly\node_modules\mongodb\lib\operations\connect.js:272:3)
    at C:\ReactPrjs\CursoNode\vidly\node_modules\mongodb\lib\mongo_client.js:215:5
    at maybePromise (C:\ReactPrjs\CursoNode\vidly\node_modules\mongodb\lib\utils.js:719:3)
    at MongoClient.connect (C:\ReactPrjs\CursoNode\vidly\node_modules\mongodb\lib\mongo_client.js:211:10)
    at C:\ReactPrjs\CursoNode\vidly\node_modules\mongoose\lib\connection.js:709:12
    at NativeConnection.Connection.openUri (C:\ReactPrjs\CursoNode\vidly\node_modules\mongoose\lib\connection.js:706:19)
    at Mongoose.connect (C:\ReactPrjs\CursoNode\vidly\node_modules\mongoose\lib\index.js:333:15)
    at module.exports (C:\ReactPrjs\CursoNode\vidly\startup\db.js:9:14)
    at Object.<anonymous> (C:\ReactPrjs\CursoNode\vidly\index.js:8:24)
    at Module._compile (internal/modules/cjs/loader.js:1158:30)
    at Object.Module._extensions..js (internal/modules/cjs/loader.js:1178:10)
    at Module.load (internal/modules/cjs/loader.js:1002:32)
    at Function.Module._load (internal/modules/cjs/loader.js:901:14)
    at Function.executeUserEntryPoint [as runMain] (internal/modules/run_main.js:74:12)
    at internal/main/run_main_module.js:18:47
2020-05-05 14:31:56 ERROR [index.js]: uncaughtException: listen EACCES: permission denied PORT
Error: listen EACCES: permission denied PORT
    at Server.setupListenHandle [as _listen2] (net.js:1292:21)
    at listenInCluster (net.js:1357:12)
    at Server.listen (net.js:1456:5)
    at Function.listen (C:\ReactPrjs\CursoNode\vidly\node_modules\express\lib\application.js:618:24)
    at Object.<anonymous> (C:\ReactPrjs\CursoNode\vidly\index.js:14:20)
    at Module._compile (internal/modules/cjs/loader.js:1158:30)
    at Object.Module._extensions..js (internal/modules/cjs/loader.js:1178:10)
    at Module.load (internal/modules/cjs/loader.js:1002:32)
    at Function.Module._load (internal/modules/cjs/loader.js:901:14)
    at Function.executeUserEntryPoint [as runMain] (internal/modules/run_main.js:74:12)
    at internal/main/run_main_module.js:18:47
2020-05-05 14:31:56 ERROR [index.js]: uncaughtException: Invalid connection string
MongoParseError: Invalid connection string
    at parseConnectionString (C:\ReactPrjs\CursoNode\vidly\node_modules\mongodb\lib\core\uri_parser.js:547:21)
    at connect (C:\ReactPrjs\CursoNode\vidly\node_modules\mongodb\lib\operations\connect.js:272:3)
    at C:\ReactPrjs\CursoNode\vidly\node_modules\mongodb\lib\mongo_client.js:215:5
    at maybePromise (C:\ReactPrjs\CursoNode\vidly\node_modules\mongodb\lib\utils.js:719:3)
    at MongoClient.connect (C:\ReactPrjs\CursoNode\vidly\node_modules\mongodb\lib\mongo_client.js:211:10)
    at C:\ReactPrjs\CursoNode\vidly\node_modules\mongoose\lib\connection.js:709:12
    at NativeConnection.Connection.openUri (C:\ReactPrjs\CursoNode\vidly\node_modules\mongoose\lib\connection.js:706:19)
    at Mongoose.connect (C:\ReactPrjs\CursoNode\vidly\node_modules\mongoose\lib\index.js:333:15)
    at module.exports (C:\ReactPrjs\CursoNode\vidly\startup\db.js:9:14)
    at Object.<anonymous> (C:\ReactPrjs\CursoNode\vidly\index.js:8:24)
    at Module._compile (internal/modules/cjs/loader.js:1158:30)
    at Object.Module._extensions..js (internal/modules/cjs/loader.js:1178:10)
    at Module.load (internal/modules/cjs/loader.js:1002:32)
    at Function.Module._load (internal/modules/cjs/loader.js:901:14)
    at Function.executeUserEntryPoint [as runMain] (internal/modules/run_main.js:74:12)
    at internal/main/run_main_module.js:18:47
2020-05-05 14:33:26 ERROR [index.js]: uncaughtException: listen EACCES: permission denied PORT
Error: listen EACCES: permission denied PORT
    at Server.setupListenHandle [as _listen2] (net.js:1292:21)
    at listenInCluster (net.js:1357:12)
    at Server.listen (net.js:1456:5)
    at Function.listen (C:\ReactPrjs\CursoNode\vidly\node_modules\express\lib\application.js:618:24)
    at Object.<anonymous> (C:\ReactPrjs\CursoNode\vidly\index.js:14:20)
    at Module._compile (internal/modules/cjs/loader.js:1158:30)
    at Object.Module._extensions..js (internal/modules/cjs/loader.js:1178:10)
    at Module.load (internal/modules/cjs/loader.js:1002:32)
    at Function.Module._load (internal/modules/cjs/loader.js:901:14)
    at Function.executeUserEntryPoint [as runMain] (internal/modules/run_main.js:74:12)
    at internal/main/run_main_module.js:18:47
2020-05-05 14:33:26 ERROR [index.js]: uncaughtException: Invalid connection string
MongoParseError: Invalid connection string
    at parseConnectionString (C:\ReactPrjs\CursoNode\vidly\node_modules\mongodb\lib\core\uri_parser.js:547:21)
    at connect (C:\ReactPrjs\CursoNode\vidly\node_modules\mongodb\lib\operations\connect.js:272:3)
    at C:\ReactPrjs\CursoNode\vidly\node_modules\mongodb\lib\mongo_client.js:215:5
    at maybePromise (C:\ReactPrjs\CursoNode\vidly\node_modules\mongodb\lib\utils.js:719:3)
    at MongoClient.connect (C:\ReactPrjs\CursoNode\vidly\node_modules\mongodb\lib\mongo_client.js:211:10)
    at C:\ReactPrjs\CursoNode\vidly\node_modules\mongoose\lib\connection.js:709:12
    at NativeConnection.Connection.openUri (C:\ReactPrjs\CursoNode\vidly\node_modules\mongoose\lib\connection.js:706:19)
    at Mongoose.connect (C:\ReactPrjs\CursoNode\vidly\node_modules\mongoose\lib\index.js:333:15)
    at module.exports (C:\ReactPrjs\CursoNode\vidly\startup\db.js:9:14)
    at Object.<anonymous> (C:\ReactPrjs\CursoNode\vidly\index.js:8:24)
    at Module._compile (internal/modules/cjs/loader.js:1158:30)
    at Object.Module._extensions..js (internal/modules/cjs/loader.js:1178:10)
    at Module.load (internal/modules/cjs/loader.js:1002:32)
    at Function.Module._load (internal/modules/cjs/loader.js:901:14)
    at Function.executeUserEntryPoint [as runMain] (internal/modules/run_main.js:74:12)
    at internal/main/run_main_module.js:18:47
2020-05-05 14:38:21 ERROR [index.js]: uncaughtException: listen EACCES: permission denied PORT
Error: listen EACCES: permission denied PORT
    at Server.setupListenHandle [as _listen2] (net.js:1292:21)
    at listenInCluster (net.js:1357:12)
    at Server.listen (net.js:1456:5)
    at Function.listen (C:\ReactPrjs\CursoNode\vidly\node_modules\express\lib\application.js:618:24)
    at Object.<anonymous> (C:\ReactPrjs\CursoNode\vidly\index.js:14:20)
    at Module._compile (internal/modules/cjs/loader.js:1158:30)
    at Object.Module._extensions..js (internal/modules/cjs/loader.js:1178:10)
    at Module.load (internal/modules/cjs/loader.js:1002:32)
    at Function.Module._load (internal/modules/cjs/loader.js:901:14)
    at Function.executeUserEntryPoint [as runMain] (internal/modules/run_main.js:74:12)
    at internal/main/run_main_module.js:18:47
2020-05-05 14:38:21 ERROR [index.js]: uncaughtException: Invalid connection string
MongoParseError: Invalid connection string
    at parseConnectionString (C:\ReactPrjs\CursoNode\vidly\node_modules\mongodb\lib\core\uri_parser.js:547:21)
    at connect (C:\ReactPrjs\CursoNode\vidly\node_modules\mongodb\lib\operations\connect.js:272:3)
    at C:\ReactPrjs\CursoNode\vidly\node_modules\mongodb\lib\mongo_client.js:215:5
    at maybePromise (C:\ReactPrjs\CursoNode\vidly\node_modules\mongodb\lib\utils.js:719:3)
    at MongoClient.connect (C:\ReactPrjs\CursoNode\vidly\node_modules\mongodb\lib\mongo_client.js:211:10)
    at C:\ReactPrjs\CursoNode\vidly\node_modules\mongoose\lib\connection.js:709:12
    at NativeConnection.Connection.openUri (C:\ReactPrjs\CursoNode\vidly\node_modules\mongoose\lib\connection.js:706:19)
    at Mongoose.connect (C:\ReactPrjs\CursoNode\vidly\node_modules\mongoose\lib\index.js:333:15)
    at module.exports (C:\ReactPrjs\CursoNode\vidly\startup\db.js:9:14)
    at Object.<anonymous> (C:\ReactPrjs\CursoNode\vidly\index.js:8:24)
    at Module._compile (internal/modules/cjs/loader.js:1158:30)
    at Object.Module._extensions..js (internal/modules/cjs/loader.js:1178:10)
    at Module.load (internal/modules/cjs/loader.js:1002:32)
    at Function.Module._load (internal/modules/cjs/loader.js:901:14)
    at Function.executeUserEntryPoint [as runMain] (internal/modules/run_main.js:74:12)
    at internal/main/run_main_module.js:18:47
2020-05-05 16:36:37 ERROR [index.js]: uncaughtException: getDbName is not a function
TypeError: getDbName is not a function
    at module.exports (C:\ReactPrjs\CursoNode\vidly\startup\db.js:7:17)
    at Object.<anonymous> (C:\ReactPrjs\CursoNode\vidly\index.js:8:24)
    at Module._compile (internal/modules/cjs/loader.js:1158:30)
    at Object.Module._extensions..js (internal/modules/cjs/loader.js:1178:10)
    at Module.load (internal/modules/cjs/loader.js:1002:32)
    at Function.Module._load (internal/modules/cjs/loader.js:901:14)
    at Function.executeUserEntryPoint [as runMain] (internal/modules/run_main.js:74:12)
    at internal/main/run_main_module.js:18:47
